Starting server with Config HP="127.0.0.1:13704"|T="28800000"|R="false"|L="info"
time="2026-03-15T19:26:25-04:00" level=info msg="Creating root@localhost superuser"
time="2026-03-15T19:26:25-04:00" level=info msg="Server ready. Accepting connections."
time="2026-03-15T19:26:25-04:00" level=warning msg="secure_file_priv is set to \"\", which is insecure."
time="2026-03-15T19:26:25-04:00" level=warning msg="Any user with GRANT FILE privileges will be able to read any file which the sql-server process can read."
time="2026-03-15T19:26:25-04:00" level=warning msg="Please consider restarting the server with secure_file_priv set to a safe (or non-existent) directory."
time="2026-03-15T19:26:25-04:00" level=info msg=NewConnection DisableClientMultiStatements=false connectionID=1
time="2026-03-15T19:26:25-04:00" level=info msg=ConnectionClosed connectionID=1
time="2026-03-15T19:26:25-04:00" level=info msg=NewConnection DisableClientMultiStatements=false connectionID=2
time="2026-03-15T19:26:25-04:00" level=info msg=ConnectionClosed connectionID=2
time="2026-03-15T19:26:25-04:00" level=info msg=NewConnection DisableClientMultiStatements=false connectionID=3
time="2026-03-15T19:26:25-04:00" level=info msg=ConnectionClosed connectionID=3
time="2026-03-15T19:26:29-04:00" level=info msg=NewConnection DisableClientMultiStatements=false connectionID=4
time="2026-03-15T19:26:29-04:00" level=info msg=ConnectionClosed connectionID=4
time="2026-03-15T19:26:29-04:00" level=info msg=NewConnection DisableClientMultiStatements=false connectionID=5
time="2026-03-15T19:26:29-04:00" level=info msg=ConnectionClosed connectionID=5
time="2026-03-15T19:56:39-04:00" level=info msg=NewConnection DisableClientMultiStatements=false connectionID=6
time="2026-03-15T19:56:39-04:00" level=info msg=ConnectionClosed connectionID=6
time="2026-03-15T19:56:39-04:00" level=info msg="Server closing listener. No longer accepting connections."
time="2026-03-15T19:56:39-04:00" level=info msg="stats stopped: context canceled"
Starting server with Config HP="127.0.0.1:13704"|T="28800000"|R="false"|L="info"
time="2026-04-05T14:29:01-04:00" level=info msg="Server ready. Accepting connections."
time="2026-04-05T14:29:01-04:00" level=warning msg="secure_file_priv is set to \"\", which is insecure."
time="2026-04-05T14:29:01-04:00" level=warning msg="Any user with GRANT FILE privileges will be able to read any file which the sql-server process can read."
time="2026-04-05T14:29:01-04:00" level=warning msg="Please consider restarting the server with secure_file_priv set to a safe (or non-existent) directory."
time="2026-04-05T14:29:01-04:00" level=info msg=NewConnection DisableClientMultiStatements=false connectionID=1
time="2026-04-05T14:29:01-04:00" level=info msg=ConnectionClosed connectionID=1
time="2026-04-05T14:29:01-04:00" level=info msg=NewConnection DisableClientMultiStatements=false connectionID=2
time="2026-04-05T14:29:01-04:00" level=info msg=ConnectionClosed connectionID=2
time="2026-04-05T14:29:01-04:00" level=info msg=NewConnection DisableClientMultiStatements=false connectionID=3
time="2026-04-05T14:29:01-04:00" level=info msg=ConnectionClosed connectionID=3
time="2026-04-05T14:29:01-04:00" level=info msg=NewConnection DisableClientMultiStatements=false connectionID=4
time="2026-04-05T14:29:01-04:00" level=info msg=ConnectionClosed connectionID=4
time="2026-04-05T14:29:01-04:00" level=info msg=NewConnection DisableClientMultiStatements=false connectionID=5
time="2026-04-05T14:29:01-04:00" level=info msg=ConnectionClosed connectionID=5
time="2026-04-05T14:29:01-04:00" level=info msg=NewConnection DisableClientMultiStatements=false connectionID=6
time="2026-04-05T14:29:01-04:00" level=info msg=ConnectionClosed connectionID=6
time="2026-04-05T14:29:01-04:00" level=info msg=NewConnection DisableClientMultiStatements=false connectionID=7
time="2026-04-05T14:29:01-04:00" level=info msg=ConnectionClosed connectionID=7
time="2026-04-05T14:29:01-04:00" level=info msg=NewConnection DisableClientMultiStatements=false connectionID=8
time="2026-04-05T14:29:01-04:00" level=info msg=ConnectionClosed connectionID=8
time="2026-04-05T14:29:01-04:00" level=info msg=NewConnection DisableClientMultiStatements=false connectionID=9
time="2026-04-05T14:29:01-04:00" level=info msg=ConnectionClosed connectionID=9
time="2026-04-05T14:29:01-04:00" level=info msg=NewConnection DisableClientMultiStatements=false connectionID=10
time="2026-04-05T14:29:01-04:00" level=info msg=ConnectionClosed connectionID=10
time="2026-04-05T14:29:01-04:00" level=info msg=NewConnection DisableClientMultiStatements=false connectionID=11
time="2026-04-05T14:29:01-04:00" level=info msg=ConnectionClosed connectionID=11
time="2026-04-05T14:29:02-04:00" level=info msg=NewConnection DisableClientMultiStatements=false connectionID=12
time="2026-04-05T14:29:02-04:00" level=info msg=ConnectionClosed connectionID=12
time="2026-04-05T14:29:02-04:00" level=info msg=NewConnection DisableClientMultiStatements=false connectionID=13
time="2026-04-05T14:29:02-04:00" level=info msg=ConnectionClosed connectionID=13
time="2026-04-05T14:29:02-04:00" level=info msg=NewConnection DisableClientMultiStatements=false connectionID=14
time="2026-04-05T14:29:02-04:00" level=error msg="unable to process ComInitDB: database not found: beads" database=beads
time="2026-04-05T14:29:02-04:00" level=error msg="failed to set the database client 14 (127.0.0.1:55942): database not found: beads (errno 1049) (sqlstate HY000)"
time="2026-04-05T14:29:02-04:00" level=info msg=ConnectionClosed connectionID=14
time="2026-04-05T14:29:02-04:00" level=info msg=NewConnection DisableClientMultiStatements=false connectionID=15
time="2026-04-05T14:29:02-04:00" level=info msg=ConnectionClosed connectionID=15
time="2026-04-05T14:29:02-04:00" level=info msg=NewConnection DisableClientMultiStatements=false connectionID=16
time="2026-04-05T14:29:02-04:00" level=info msg=ConnectionClosed connectionID=16
time="2026-04-05T14:29:02-04:00" level=info msg=NewConnection DisableClientMultiStatements=false connectionID=17
time="2026-04-05T14:29:02-04:00" level=info msg=ConnectionClosed connectionID=17
time="2026-04-05T14:29:02-04:00" level=info msg=NewConnection DisableClientMultiStatements=false connectionID=18
time="2026-04-05T14:29:02-04:00" level=info msg=ConnectionClosed connectionID=18
time="2026-04-05T14:29:02-04:00" level=info msg=NewConnection DisableClientMultiStatements=false connectionID=19
time="2026-04-05T14:29:02-04:00" level=info msg=ConnectionClosed connectionID=19
time="2026-04-05T14:29:02-04:00" level=info msg=NewConnection DisableClientMultiStatements=false connectionID=20
time="2026-04-05T14:29:02-04:00" level=info msg=ConnectionClosed connectionID=20
time="2026-04-05T14:29:02-04:00" level=info msg=NewConnection DisableClientMultiStatements=false connectionID=21
time="2026-04-05T14:29:02-04:00" level=info msg=ConnectionClosed connectionID=21
time="2026-04-05T14:29:02-04:00" level=info msg=NewConnection DisableClientMultiStatements=false connectionID=22
time="2026-04-05T14:29:02-04:00" level=info msg=ConnectionClosed connectionID=22
time="2026-04-05T14:29:02-04:00" level=info msg=NewConnection DisableClientMultiStatements=false connectionID=23
time="2026-04-05T14:29:02-04:00" level=info msg=ConnectionClosed connectionID=23
time="2026-04-05T14:29:02-04:00" level=info msg=NewConnection DisableClientMultiStatements=false connectionID=24
time="2026-04-05T14:29:02-04:00" level=info msg=NewConnection DisableClientMultiStatements=false connectionID=25
time="2026-04-05T14:29:02-04:00" level=info msg=ConnectionClosed connectionID=24
time="2026-04-05T14:29:02-04:00" level=info msg=ConnectionClosed connectionID=25
time="2026-04-05T14:29:02-04:00" level=info msg=NewConnection DisableClientMultiStatements=false connectionID=26
time="2026-04-05T14:29:02-04:00" level=info msg=ConnectionClosed connectionID=26
time="2026-04-05T14:29:02-04:00" level=info msg=NewConnection DisableClientMultiStatements=false connectionID=27
time="2026-04-05T14:29:02-04:00" level=info msg=ConnectionClosed connectionID=27
time="2026-04-05T14:29:02-04:00" level=info msg=NewConnection DisableClientMultiStatements=false connectionID=28
time="2026-04-05T14:29:02-04:00" level=info msg=ConnectionClosed connectionID=28
time="2026-04-05T14:29:02-04:00" level=info msg=NewConnection DisableClientMultiStatements=false connectionID=29
time="2026-04-05T14:29:02-04:00" level=info msg=ConnectionClosed connectionID=29
time="2026-04-05T14:29:02-04:00" level=info msg=NewConnection DisableClientMultiStatements=false connectionID=30
time="2026-04-05T14:29:02-04:00" level=info msg=NewConnection DisableClientMultiStatements=false connectionID=31
time="2026-04-05T14:29:02-04:00" level=info msg=ConnectionClosed connectionID=30
time="2026-04-05T14:29:02-04:00" level=info msg=ConnectionClosed connectionID=31
time="2026-04-05T14:29:02-04:00" level=info msg=NewConnection DisableClientMultiStatements=false connectionID=32
time="2026-04-05T14:29:02-04:00" level=info msg=ConnectionClosed connectionID=32
time="2026-04-05T14:29:02-04:00" level=info msg=NewConnection DisableClientMultiStatements=false connectionID=33
time="2026-04-05T14:29:02-04:00" level=info msg=ConnectionClosed connectionID=33
time="2026-04-05T14:29:02-04:00" level=info msg=NewConnection DisableClientMultiStatements=false connectionID=34
time="2026-04-05T14:29:02-04:00" level=info msg=ConnectionClosed connectionID=34
time="2026-04-05T14:29:02-04:00" level=info msg=NewConnection DisableClientMultiStatements=false connectionID=35
time="2026-04-05T14:29:02-04:00" level=info msg=ConnectionClosed connectionID=35
time="2026-04-05T14:29:02-04:00" level=info msg=NewConnection DisableClientMultiStatements=false connectionID=36
time="2026-04-05T14:29:02-04:00" level=info msg=ConnectionClosed connectionID=36
time="2026-04-05T14:29:02-04:00" level=info msg=NewConnection DisableClientMultiStatements=false connectionID=37
time="2026-04-05T14:29:02-04:00" level=info msg=ConnectionClosed connectionID=37
time="2026-04-05T14:29:02-04:00" level=info msg=NewConnection DisableClientMultiStatements=false connectionID=38
time="2026-04-05T14:29:02-04:00" level=info msg=ConnectionClosed connectionID=38
time="2026-04-05T14:29:02-04:00" level=info msg=NewConnection DisableClientMultiStatements=false connectionID=39
time="2026-04-05T14:29:02-04:00" level=info msg=ConnectionClosed connectionID=39
time="2026-04-05T14:29:02-04:00" level=info msg=NewConnection DisableClientMultiStatements=false connectionID=40
time="2026-04-05T14:29:02-04:00" level=info msg=ConnectionClosed connectionID=40
time="2026-04-05T14:29:02-04:00" level=info msg=NewConnection DisableClientMultiStatements=false connectionID=41
time="2026-04-05T14:29:02-04:00" level=info msg=ConnectionClosed connectionID=41
time="2026-04-05T14:29:02-04:00" level=info msg=NewConnection DisableClientMultiStatements=false connectionID=42
time="2026-04-05T14:29:02-04:00" level=info msg=ConnectionClosed connectionID=42
time="2026-04-05T14:29:02-04:00" level=info msg=NewConnection DisableClientMultiStatements=false connectionID=43
time="2026-04-05T14:29:02-04:00" level=info msg=ConnectionClosed connectionID=43
time="2026-04-05T14:29:02-04:00" level=info msg=NewConnection DisableClientMultiStatements=false connectionID=44
time="2026-04-05T14:29:02-04:00" level=info msg=ConnectionClosed connectionID=44
time="2026-04-05T14:29:02-04:00" level=info msg=NewConnection DisableClientMultiStatements=false connectionID=45
time="2026-04-05T14:29:02-04:00" level=info msg=ConnectionClosed connectionID=45
time="2026-04-05T14:29:02-04:00" level=info msg=NewConnection DisableClientMultiStatements=false connectionID=46
time="2026-04-05T14:29:02-04:00" level=info msg=ConnectionClosed connectionID=46
time="2026-04-05T14:29:02-04:00" level=info msg=NewConnection DisableClientMultiStatements=false connectionID=47
time="2026-04-05T14:29:02-04:00" level=info msg=ConnectionClosed connectionID=47
time="2026-04-05T14:29:02-04:00" level=info msg=NewConnection DisableClientMultiStatements=false connectionID=48
time="2026-04-05T14:29:02-04:00" level=info msg=ConnectionClosed connectionID=48
time="2026-04-05T14:29:02-04:00" level=info msg=NewConnection DisableClientMultiStatements=false connectionID=49
time="2026-04-05T14:29:02-04:00" level=info msg=ConnectionClosed connectionID=49
time="2026-04-05T14:29:02-04:00" level=info msg=NewConnection DisableClientMultiStatements=false connectionID=50
time="2026-04-05T14:29:02-04:00" level=info msg=ConnectionClosed connectionID=50
time="2026-04-05T14:29:02-04:00" level=info msg=NewConnection DisableClientMultiStatements=false connectionID=51
time="2026-04-05T14:29:02-04:00" level=info msg=ConnectionClosed connectionID=51
time="2026-04-05T14:29:02-04:00" level=info msg=NewConnection DisableClientMultiStatements=false connectionID=52
time="2026-04-05T14:29:02-04:00" level=error msg="unable to process ComInitDB: database not found: beads" database=beads
time="2026-04-05T14:29:02-04:00" level=error msg="failed to set the database client 52 (127.0.0.1:56294): database not found: beads (errno 1049) (sqlstate HY000)"
time="2026-04-05T14:29:02-04:00" level=info msg=ConnectionClosed connectionID=52
time="2026-04-05T14:29:02-04:00" level=info msg=NewConnection DisableClientMultiStatements=false connectionID=53
time="2026-04-05T14:29:02-04:00" level=info msg=ConnectionClosed connectionID=53
time="2026-04-05T14:29:02-04:00" level=info msg=NewConnection DisableClientMultiStatements=false connectionID=54
time="2026-04-05T14:29:02-04:00" level=info msg=ConnectionClosed connectionID=54
time="2026-04-05T14:29:15-04:00" level=info msg=NewConnection DisableClientMultiStatements=false connectionID=55
time="2026-04-05T14:29:15-04:00" level=info msg=ConnectionClosed connectionID=55
time="2026-04-05T14:29:15-04:00" level=info msg=NewConnection DisableClientMultiStatements=false connectionID=56
time="2026-04-05T14:29:15-04:00" level=info msg=ConnectionClosed connectionID=56
time="2026-04-05T14:29:57-04:00" level=info msg=NewConnection DisableClientMultiStatements=false connectionID=57
time="2026-04-05T14:29:57-04:00" level=info msg=ConnectionClosed connectionID=57
time="2026-04-05T14:29:57-04:00" level=info msg=NewConnection DisableClientMultiStatements=false connectionID=58
time="2026-04-05T14:29:57-04:00" level=info msg=ConnectionClosed connectionID=58
time="2026-04-05T14:30:06-04:00" level=info msg=NewConnection DisableClientMultiStatements=false connectionID=59
time="2026-04-05T14:30:06-04:00" level=info msg=ConnectionClosed connectionID=59
time="2026-04-05T14:30:06-04:00" level=info msg=NewConnection DisableClientMultiStatements=false connectionID=60
time="2026-04-05T14:30:06-04:00" level=info msg=ConnectionClosed connectionID=60
time="2026-04-05T14:30:12-04:00" level=info msg=NewConnection DisableClientMultiStatements=false connectionID=61
time="2026-04-05T14:30:12-04:00" level=info msg=ConnectionClosed connectionID=61
time="2026-04-05T14:30:12-04:00" level=info msg="Server closing listener. No longer accepting connections."
time="2026-04-05T14:30:12-04:00" level=info msg="stats stopped: context canceled"
Starting server with Config HP="127.0.0.1:13704"|T="28800000"|R="false"|L="info"
time="2026-04-05T14:30:14-04:00" level=info msg="Server ready. Accepting connections."
time="2026-04-05T14:30:14-04:00" level=warning msg="secure_file_priv is set to \"\", which is insecure."
time="2026-04-05T14:30:14-04:00" level=warning msg="Any user with GRANT FILE privileges will be able to read any file which the sql-server process can read."
time="2026-04-05T14:30:14-04:00" level=warning msg="Please consider restarting the server with secure_file_priv set to a safe (or non-existent) directory."
time="2026-04-05T14:30:14-04:00" level=info msg=NewConnection DisableClientMultiStatements=false connectionID=1
time="2026-04-05T14:30:14-04:00" level=info msg=ConnectionClosed connectionID=1
time="2026-04-05T14:30:14-04:00" level=info msg=NewConnection DisableClientMultiStatements=false connectionID=2
time="2026-04-05T14:30:14-04:00" level=info msg=ConnectionClosed connectionID=2
time="2026-04-05T14:30:14-04:00" level=info msg=NewConnection DisableClientMultiStatements=false connectionID=3
time="2026-04-05T14:30:14-04:00" level=info msg=ConnectionClosed connectionID=3
time="2026-04-05T14:30:30-04:00" level=info msg=NewConnection DisableClientMultiStatements=false connectionID=4
time="2026-04-05T14:30:30-04:00" level=info msg=ConnectionClosed connectionID=4
time="2026-04-05T14:30:30-04:00" level=info msg="Server closing listener. No longer accepting connections."
time="2026-04-05T14:30:30-04:00" level=info msg="stats stopped: context canceled"
Starting server with Config HP="127.0.0.1:13704"|T="28800000"|R="false"|L="info"
time="2026-04-05T14:30:40-04:00" level=info msg="Creating root@localhost superuser"
time="2026-04-05T14:30:40-04:00" level=info msg="Server ready. Accepting connections."
time="2026-04-05T14:30:40-04:00" level=warning msg="secure_file_priv is set to \"\", which is insecure."
time="2026-04-05T14:30:40-04:00" level=warning msg="Any user with GRANT FILE privileges will be able to read any file which the sql-server process can read."
time="2026-04-05T14:30:40-04:00" level=warning msg="Please consider restarting the server with secure_file_priv set to a safe (or non-existent) directory."
time="2026-04-05T14:30:40-04:00" level=info msg=NewConnection DisableClientMultiStatements=false connectionID=1
time="2026-04-05T14:30:40-04:00" level=info msg=ConnectionClosed connectionID=1
time="2026-04-05T14:30:40-04:00" level=info msg=NewConnection DisableClientMultiStatements=false connectionID=2
time="2026-04-05T14:30:40-04:00" level=info msg=ConnectionClosed connectionID=2
time="2026-04-05T14:30:40-04:00" level=info msg=NewConnection DisableClientMultiStatements=false connectionID=3
time="2026-04-05T14:30:40-04:00" level=info msg=NewConnection DisableClientMultiStatements=false connectionID=4
time="2026-04-05T14:30:40-04:00" level=info msg=ConnectionClosed connectionID=3
time="2026-04-05T14:30:40-04:00" level=warning msg="error running query" connectTime="2026-04-05 14:30:40.592110017 -0400 EDT m=+0.537362160" connectionDb=fig connectionID=4 error="table not found: config" queryTime="2026-04-05 14:30:40.592536275 -0400 EDT m=+0.537788408"
time="2026-04-05T14:30:40-04:00" level=warning msg="error running query" connectTime="2026-04-05 14:30:40.592110017 -0400 EDT m=+0.537362160" connectionDb=fig connectionID=4 error="Duplicate key name 'idx_issues_issue_type'" queryTime="2026-04-05 14:30:40.665527384 -0400 EDT m=+0.610779527"
time="2026-04-05T14:30:40-04:00" level=warning msg="error running query" connectTime="2026-04-05 14:30:40.592110017 -0400 EDT m=+0.537362160" connectionDb=fig connectionID=4 error="foreign key `fk_dep_depends_on` was not found on the table `dependencies`" queryTime="2026-04-05 14:30:40.665717508 -0400 EDT m=+0.610969671"
time="2026-04-05T14:30:40-04:00" level=warning msg="error running query" connectTime="2026-04-05 14:30:40.592110017 -0400 EDT m=+0.537362160" connectionDb=fig connectionID=4 error="nothing to commit" queryTime="2026-04-05 14:30:40.864998019 -0400 EDT m=+0.810250162"
time="2026-04-05T14:30:40-04:00" level=info msg=ConnectionClosed connectionID=4
time="2026-04-05T14:30:40-04:00" level=info msg=NewConnection DisableClientMultiStatements=false connectionID=5
time="2026-04-05T14:30:40-04:00" level=info msg=ConnectionClosed connectionID=5
time="2026-04-05T14:30:40-04:00" level=info msg=NewConnection DisableClientMultiStatements=false connectionID=6
time="2026-04-05T14:30:40-04:00" level=info msg=NewConnection DisableClientMultiStatements=false connectionID=7
time="2026-04-05T14:30:40-04:00" level=info msg=ConnectionClosed connectionID=6
time="2026-04-05T14:30:40-04:00" level=info msg=ConnectionClosed connectionID=7
time="2026-04-05T14:30:40-04:00" level=info msg=NewConnection DisableClientMultiStatements=false connectionID=8
time="2026-04-05T14:30:40-04:00" level=info msg=ConnectionClosed connectionID=8
time="2026-04-05T14:30:40-04:00" level=info msg=NewConnection DisableClientMultiStatements=false connectionID=9
time="2026-04-05T14:30:40-04:00" level=info msg=NewConnection DisableClientMultiStatements=false connectionID=10
time="2026-04-05T14:30:40-04:00" level=info msg=ConnectionClosed connectionID=9
time="2026-04-05T14:30:40-04:00" level=info msg=ConnectionClosed connectionID=10
time="2026-04-05T14:30:40-04:00" level=info msg=NewConnection DisableClientMultiStatements=false connectionID=11
time="2026-04-05T14:30:40-04:00" level=info msg=ConnectionClosed connectionID=11
time="2026-04-05T14:30:40-04:00" level=info msg=NewConnection DisableClientMultiStatements=false connectionID=12
time="2026-04-05T14:30:40-04:00" level=info msg=NewConnection DisableClientMultiStatements=false connectionID=13
time="2026-04-05T14:30:40-04:00" level=info msg=ConnectionClosed connectionID=12
time="2026-04-05T14:30:40-04:00" level=info msg=ConnectionClosed connectionID=13
time="2026-04-05T14:30:40-04:00" level=info msg=NewConnection DisableClientMultiStatements=false connectionID=14
time="2026-04-05T14:30:40-04:00" level=info msg=ConnectionClosed connectionID=14
time="2026-04-05T14:30:40-04:00" level=info msg=NewConnection DisableClientMultiStatements=false connectionID=15
time="2026-04-05T14:30:40-04:00" level=info msg=ConnectionClosed connectionID=15
